<?xml version="1.0" encoding="UTF-8"?>
<testng-results skipped="0" failed="0" ignored="0" total="1" passed="1">
  <reporter-output>
  </reporter-output>
  <suite name="Suite" duration-ms="114" started-at="2018-10-29T07:09:03Z" finished-at="2018-10-29T07:09:03Z">
    <groups>
    </groups>
    <test name="Test" duration-ms="114" started-at="2018-10-29T07:09:03Z" finished-at="2018-10-29T07:09:03Z">
      <class name="org.test.Employee">
        <test-method status="PASS" signature="test4(java.lang.String, java.lang.String)[pri:0, instance:org.test.Employee@5dfcfece]" name="test4" duration-ms="29" started-at="2018-10-29T07:09:03Z" finished-at="2018-10-29T07:09:03Z">
          <params>
            <param index="0">
              <value>
                <![CDATA[sample]]>
              </value>
            </param>
            <param index="1">
              <value>
                <![CDATA[Java]]>
              </value>
            </param>
          </params>
          <reporter-output>
          </reporter-output>
        </test-method> <!-- test4 -->
      </class> <!-- org.test.Employee -->
    </test> <!-- Test -->
  </suite> <!-- Suite -->
</testng-results>
